{"name": "Validate logout button functionality after successful login", "status": "broken", "statusDetails": {"message": "selenium.common.exceptions.TimeoutException: Message: \nStacktrace:\n0   chromedriver                        0x000000010d8f8b88 chromedriver + 5860232\n1   chromedriver                        0x000000010d8f012a chromedriver + 5824810\n2   chromedriver                        0x000000010d3c7e20 chromedriver + 417312\n3   chromedriver                        0x000000010d419cab chromedriver + 752811\n4   chromedriver                        0x000000010d419ec1 chromedriver + 753345\n5   chromedriver                        0x000000010d469dc4 chromedriver + 1080772\n6   chromedriver                        0x000000010d43fd1d chromedriver + 908573\n7   chromedriver                        0x000000010d467169 chromedriver + 1069417\n8   chromedriver                        0x000000010d43fac3 chromedriver + 907971\n9   chromedriver                        0x000000010d40c107 chromedriver + 696583\n10  chromedriver                        0x000000010d40cd71 chromedriver + 699761\n11  chromedriver                        0x000000010d8b6ca0 chromedriver + 5590176\n12  chromedriver                        0x000000010d8bacf9 chromedriver + 5606649\n13  chromedriver                        0x000000010d8920b6 chromedriver + 5439670\n14  chromedriver                        0x000000010d8bb66f chromedriver + 5609071\n15  chromedriver                        0x000000010d880e64 chromedriver + 5369444\n16  chromedriver                        0x000000010d8dd688 chromedriver + 5748360\n17  chromedriver                        0x000000010d8dd850 chromedriver + 5748816\n18  chromedriver                        0x000000010d8efcc1 chromedriver + 5823681\n19  libsystem_pthread.dylib             0x00007fff208b58fc _pthread_start + 224\n20  libsystem_pthread.dylib             0x00007fff208b1443 thread_start + 15\n\n", "trace": "  File \"/Users/macbookpro/Downloads/Task18_BDDpython/.venv/lib/python3.13/site-packages/behave/model.py\", line 1991, in run\n    match.run(runner.context)\n    ~~~~~~~~~^^^^^^^^^^^^^^^^\n  File \"/Users/macbookpro/Downloads/Task18_BDDpython/.venv/lib/python3.13/site-packages/behave/matchers.py\", line 105, in run\n    self.func(context, *args, **kwargs)\n    ~~~~~~~~~^^^^^^^^^^^^^^^^^^^^^^^^^^\n  File \"features/steps/steps_login.py\", line 10, in step_open_login\n    context.login_page.open()\n    ~~~~~~~~~~~~~~~~~~~~~~~^^\n  File \"/Users/macbookpro/Downloads/Task18_BDDpython/pages/login_page.py\", line 29, in open\n    self.wait.until(EC.visibility_of_element_located(self.USERNAME))\n    ~~~~~~~~~~~~~~~^^^^^^^^^^^^^^^^^^^^^^^^^^^^^^^^^^^^^^^^^^^^^^^^^\n  File \"/Users/macbookpro/Downloads/Task18_BDDpython/.venv/lib/python3.13/site-packages/selenium/webdriver/support/wait.py\", line 138, in until\n    raise TimeoutException(message, screen, stacktrace)\n"}, "steps": [{"name": "Given browser is launched and Zen login page is opened", "status": "broken", "statusDetails": {"message": "selenium.common.exceptions.TimeoutException: Message: \nStacktrace:\n0   chromedriver                        0x000000010d8f8b88 chromedriver + 5860232\n1   chromedriver                        0x000000010d8f012a chromedriver + 5824810\n2   chromedriver                        0x000000010d3c7e20 chromedriver + 417312\n3   chromedriver                        0x000000010d419cab chromedriver + 752811\n4   chromedriver                        0x000000010d419ec1 chromedriver + 753345\n5   chromedriver                        0x000000010d469dc4 chromedriver + 1080772\n6   chromedriver                        0x000000010d43fd1d chromedriver + 908573\n7   chromedriver                        0x000000010d467169 chromedriver + 1069417\n8   chromedriver                        0x000000010d43fac3 chromedriver + 907971\n9   chromedriver                        0x000000010d40c107 chromedriver + 696583\n10  chromedriver                        0x000000010d40cd71 chromedriver + 699761\n11  chromedriver                        0x000000010d8b6ca0 chromedriver + 5590176\n12  chromedriver                        0x000000010d8bacf9 chromedriver + 5606649\n13  chromedriver                        0x000000010d8920b6 chromedriver + 5439670\n14  chromedriver                        0x000000010d8bb66f chromedriver + 5609071\n15  chromedriver                        0x000000010d880e64 chromedriver + 5369444\n16  chromedriver                        0x000000010d8dd688 chromedriver + 5748360\n17  chromedriver                        0x000000010d8dd850 chromedriver + 5748816\n18  chromedriver                        0x000000010d8efcc1 chromedriver + 5823681\n19  libsystem_pthread.dylib             0x00007fff208b58fc _pthread_start + 224\n20  libsystem_pthread.dylib             0x00007fff208b1443 thread_start + 15\n\n", "trace": "  File \"/Users/macbookpro/Downloads/Task18_BDDpython/.venv/lib/python3.13/site-packages/behave/model.py\", line 1991, in run\n    match.run(runner.context)\n    ~~~~~~~~~^^^^^^^^^^^^^^^^\n  File \"/Users/macbookpro/Downloads/Task18_BDDpython/.venv/lib/python3.13/site-packages/behave/matchers.py\", line 105, in run\n    self.func(context, *args, **kwargs)\n    ~~~~~~~~~^^^^^^^^^^^^^^^^^^^^^^^^^^\n  File \"features/steps/steps_login.py\", line 10, in step_open_login\n    context.login_page.open()\n    ~~~~~~~~~~~~~~~~~~~~~~~^^\n  File \"/Users/macbookpro/Downloads/Task18_BDDpython/pages/login_page.py\", line 29, in open\n    self.wait.until(EC.visibility_of_element_located(self.USERNAME))\n    ~~~~~~~~~~~~~~~^^^^^^^^^^^^^^^^^^^^^^^^^^^^^^^^^^^^^^^^^^^^^^^^^\n  File \"/Users/macbookpro/Downloads/Task18_BDDpython/.venv/lib/python3.13/site-packages/selenium/webdriver/support/wait.py\", line 138, in until\n    raise TimeoutException(message, screen, stacktrace)\n"}, "steps": [{"name": "Open Zen login page", "status": "broken", "statusDetails": {"message": "selenium.common.exceptions.TimeoutException: Message: \nStacktrace:\n0   chromedriver                        0x000000010d8f8b88 chromedriver + 5860232\n1   chromedriver                        0x000000010d8f012a chromedriver + 5824810\n2   chromedriver                        0x000000010d3c7e20 chromedriver + 417312\n3   chromedriver                        0x000000010d419cab chromedriver + 752811\n4   chromedriver                        0x000000010d419ec1 chromedriver + 753345\n5   chromedriver                        0x000000010d469dc4 chromedriver + 1080772\n6   chromedriver                        0x000000010d43fd1d chromedriver + 908573\n7   chromedriver                        0x000000010d467169 chromedriver + 1069417\n8   chromedriver                        0x000000010d43fac3 chromedriver + 907971\n9   chromedriver                        0x000000010d40c107 chromedriver + 696583\n10  chromedriver                        0x000000010d40cd71 chromedriver + 699761\n11  chromedriver                        0x000000010d8b6ca0 chromedriver + 5590176\n12  chromedriver                        0x000000010d8bacf9 chromedriver + 5606649\n13  chromedriver                        0x000000010d8920b6 chromedriver + 5439670\n14  chromedriver                        0x000000010d8bb66f chromedriver + 5609071\n15  chromedriver                        0x000000010d880e64 chromedriver + 5369444\n16  chromedriver                        0x000000010d8dd688 chromedriver + 5748360\n17  chromedriver                        0x000000010d8dd850 chromedriver + 5748816\n18  chromedriver                        0x000000010d8efcc1 chromedriver + 5823681\n19  libsystem_pthread.dylib             0x00007fff208b58fc _pthread_start + 224\n20  libsystem_pthread.dylib             0x00007fff208b1443 thread_start + 15\n\n", "trace": "  File \"features/steps/steps_login.py\", line 10, in step_open_login\n    context.login_page.open()\n    ~~~~~~~~~~~~~~~~~~~~~~~^^\n  File \"/Users/macbookpro/Downloads/Task18_BDDpython/pages/login_page.py\", line 29, in open\n    self.wait.until(EC.visibility_of_element_located(self.USERNAME))\n    ~~~~~~~~~~~~~~~^^^^^^^^^^^^^^^^^^^^^^^^^^^^^^^^^^^^^^^^^^^^^^^^^\n  File \"/Users/macbookpro/Downloads/Task18_BDDpython/.venv/lib/python3.13/site-packages/selenium/webdriver/support/wait.py\", line 138, in until\n    raise TimeoutException(message, screen, stacktrace)\n"}, "attachments": [{"name": "page_source", "source": "fd42a604-d343-4086-9a6a-4ddcc576a332-attachment.html", "type": "text/html"}], "start": 1757004768981, "stop": 1757004781779}], "start": 1757004768981, "stop": 1757004781781}, {"name": "When I login with username \"bala8065@gmail.com\" and password \"Bala@8065\"", "status": "skipped", "start": 1757004781782, "stop": 1757004781782}, {"name": "Then I should be logged in", "status": "skipped", "start": 1757004781782, "stop": 1757004781782}, {"name": "When I click logout", "status": "skipped", "start": 1757004781783, "stop": 1757004781783}, {"name": "Then I should see the login page again", "status": "broken", "statusDetails": {"message": "\nYou can implement step definitions for undefined steps with these snippets:\n\n@then(u'I should see the login page again')\ndef step_impl(context):\n    raise StepNotImplementedError(u'Then I should see the login page again')\n\n"}, "start": 1757004781783, "stop": 1757004781783}], "start": 1757004768980, "stop": 1757004781783, "uuid": "3ba2d71c-0937-4da4-9e45-423dce56c1c5", "historyId": "262088045d6ad5796e62676f23e4b058", "fullName": "Zenclass Login and Logout validations using POM + Behave + Allure: Validate logout button functionality after successful login", "labels": [{"name": "severity", "value": "normal"}, {"name": "tag", "value": "logout"}, {"name": "feature", "value": "Zenclass Login and Logout validations using POM + Behave + Allure"}, {"name": "framework", "value": "behave"}, {"name": "language", "value": "cpython3"}], "titlePath": ["features", "Zenclass Login and Logout validations using POM + Behave + Allure"]}